<?xml version="1.0" encoding="UTF-8"?>
<!-- Generated by org.testng.reporters.JUnitXMLReporter -->
<testsuite ignored="19" hostname="PM-Dotkonnekt" failures="0" tests="1" name="Default test" time="19.24" errors="0" timestamp="2023-08-08T17:04:07 IST">
  <testcase classname="com.dotKonnekt.tests.HomePageTest" name="HomePage_ProductQuickviewVerification" time="18.284"/>
  <testcase classname="com.dotKonnekt.tests.HomePageTest" name="HomePage_endToEndGuestScenarioByClickingProductTileGuestUSer" time="0.0">
    <ignored/>
  </testcase> <!-- HomePage_endToEndGuestScenarioByClickingProductTileGuestUSer -->
  <testcase classname="com.dotKonnekt.tests.HomePageTest" name="BrowserStack" time="0.0">
    <ignored/>
  </testcase> <!-- BrowserStack -->
  <testcase classname="com.dotKonnekt.tests.HomePageTest" name="HomePage_UserFunctionalityVerification" time="0.0">
    <ignored/>
  </testcase> <!-- HomePage_UserFunctionalityVerification -->
  <testcase classname="com.dotKonnekt.tests.HomePageTest" name="TitleVerification" time="0.0">
    <ignored/>
  </testcase> <!-- TitleVerification -->
  <testcase classname="com.dotKonnekt.tests.HomePageTest" name="HomePage_OurStorySection" time="0.0">
    <ignored/>
  </testcase> <!-- HomePage_OurStorySection -->
  <testcase classname="com.dotKonnekt.tests.HomePageTest" name="HomePage_endToEndGuestScenarioByClickingProductCartIconGuestUSer" time="0.0">
    <ignored/>
  </testcase> <!-- HomePage_endToEndGuestScenarioByClickingProductCartIconGuestUSer -->
  <testcase classname="com.dotKonnekt.tests.HomePageTest" name="HomePage_discountVoucherSection" time="0.0">
    <ignored/>
  </testcase> <!-- HomePage_discountVoucherSection -->
  <testcase classname="com.dotKonnekt.tests.HomePageTest" name="HomePage_endToEndGuestScenarioByClickingProductCartIconLoggedUSer" time="0.0">
    <ignored/>
  </testcase> <!-- HomePage_endToEndGuestScenarioByClickingProductCartIconLoggedUSer -->
  <testcase classname="com.dotKonnekt.tests.HomePageTest" name="HomePage_endToEndGuestScenarioByClickingProductTileLoggedIn" time="0.0">
    <ignored/>
  </testcase> <!-- HomePage_endToEndGuestScenarioByClickingProductTileLoggedIn -->
  <testcase classname="com.dotKonnekt.tests.HomePageTest" name="HomePage_SendAMessageFunctionalityGuestUser" time="0.0">
    <ignored/>
  </testcase> <!-- HomePage_SendAMessageFunctionalityGuestUser -->
  <testcase classname="com.dotKonnekt.tests.HomePageTest" name="HomePage_SendAMessageFunctionalityLoggedInUser" time="0.0">
    <ignored/>
  </testcase> <!-- HomePage_SendAMessageFunctionalityLoggedInUser -->
  <testcase classname="com.dotKonnekt.tests.HomePageTest" name="HomePage_shoutOutFromCustomers" time="0.0">
    <ignored/>
  </testcase> <!-- HomePage_shoutOutFromCustomers -->
  <testcase classname="com.dotKonnekt.tests.HomePageTest" name="HomePage_endToEndGuestScenarioByClickingQuickViewGuestUSer" time="0.0">
    <ignored/>
  </testcase> <!-- HomePage_endToEndGuestScenarioByClickingQuickViewGuestUSer -->
  <testcase classname="com.dotKonnekt.tests.HomePageTest" name="HomePage_SearchFucntionalityVerification" time="0.0">
    <ignored/>
  </testcase> <!-- HomePage_SearchFucntionalityVerification -->
  <testcase classname="com.dotKonnekt.tests.HomePageTest" name="HomePage_askOurExpertSection" time="0.0">
    <ignored/>
  </testcase> <!-- HomePage_askOurExpertSection -->
  <testcase classname="com.dotKonnekt.tests.HomePageTest" name="HomePage_CartFucntionalityVerification" time="0.0">
    <ignored/>
  </testcase> <!-- HomePage_CartFucntionalityVerification -->
  <testcase classname="com.dotKonnekt.tests.HomePageTest" name="HomePage_aboveAboutUsSection" time="0.0">
    <ignored/>
  </testcase> <!-- HomePage_aboveAboutUsSection -->
  <testcase classname="com.dotKonnekt.tests.HomePageTest" name="HomePage_NewArrival" time="0.0">
    <ignored/>
  </testcase> <!-- HomePage_NewArrival -->
  <testcase classname="com.dotKonnekt.tests.HomePageTest" name="HomePage_PageHeaderVerification" time="0.0">
    <ignored/>
  </testcase> <!-- HomePage_PageHeaderVerification -->
</testsuite> <!-- Default test -->
